12:08:40 30 maja 2017:    
Wystąpił wyjątek podczas żądania klienta WebClient.12:08:42 30 maja 2017:    
Wystąpił wyjątek podczas żądania klienta WebClient.12:09:42 30 maja 2017:    
Wystąpił wyjątek podczas żądania klienta WebClient.12:09:48 30 maja 2017:    
Wystąpił wyjątek podczas żądania klienta WebClient.12:09:49 30 maja 2017:    
Wystąpił wyjątek podczas żądania klienta WebClient.12:09:51 30 maja 2017:    
Wystąpił wyjątek podczas żądania klienta WebClient.12:12:58 30 maja 2017:    
Wystąpił wyjątek podczas żądania klienta WebClient.12:12:59 30 maja 2017:    
Wystąpił wyjątek podczas żądania klienta WebClient.12:13:41 30 maja 2017:    
Wystąpił wyjątek podczas żądania klienta WebClient.12:13:45 30 maja 2017:    
Wystąpił wyjątek podczas żądania klienta WebClient.12:13:47 30 maja 2017:    
Wystąpił wyjątek podczas żądania klienta WebClient.12:14:13 30 maja 2017:    
Wystąpił wyjątek podczas żądania klienta WebClient.12:20:10 30 maja 2017:    
Ścieżka ma niedozwolony format.12:29:14 30 maja 2017:    
Ścieżka ma niedozwolony format.12:29:15 30 maja 2017:    
Ścieżka ma niedozwolony format.12:30:12 30 maja 2017:    
Ścieżka ma niedozwolony format.12:30:13 30 maja 2017:    
Ścieżka ma niedozwolony format.12:30:51 30 maja 2017:    
Ścieżka ma niedozwolony format.12:30:52 30 maja 2017:    
Ścieżka ma niedozwolony format.12:31:51 30 maja 2017:    
Ścieżka ma niedozwolony format.12:31:52 30 maja 2017:    
Ścieżka ma niedozwolony format.12:31:53 30 maja 2017:    
Ścieżka ma niedozwolony format.12:31:54 30 maja 2017:    
Ścieżka ma niedozwolony format.12:33:06 30 maja 2017:    
Ścieżka ma niedozwolony format.12:33:07 30 maja 2017:    
Ścieżka ma niedozwolony format.12:35:04 30 maja 2017:    
Ścieżka ma niedozwolony format.12:35:05 30 maja 2017:    
Ścieżka ma niedozwolony format.12:35:22 30 maja 2017:    
Ścieżka ma niedozwolony format.12:35:23 30 maja 2017:    
Ścieżka ma niedozwolony format.12:36:08 30 maja 2017:    
Wystąpił wyjątek podczas żądania klienta WebClient.12:36:09 30 maja 2017:    
Wystąpił wyjątek podczas żądania klienta WebClient.12:36:49 30 maja 2017:    
Ścieżka ma niedozwolony format.12:36:50 30 maja 2017:    
Ścieżka ma niedozwolony format.12:37:37 30 maja 2017:    
Ścieżka ma niedozwolony format.12:37:38 30 maja 2017:    
Ścieżka ma niedozwolony format.12:50:44 30 maja 2017:    
Ścieżka ma niedozwolony format.12:52:44 30 maja 2017:    
Ścieżka ma niedozwolony format.12:53:04 30 maja 2017:    
Ścieżka ma niedozwolony format.12:55:01 30 maja 2017:    
Ścieżka ma niedozwolony format.12:55:33 30 maja 2017:    
Ścieżka ma niedozwolony format.12:55:35 30 maja 2017:    
Wystąpił wyjątek podczas żądania klienta WebClient.12:57:39 30 maja 2017:    
Ścieżka ma niedozwolony format.13:00:38 30 maja 2017:    
Wysyłanie poczty nie powiodło się.13:00:40 30 maja 2017:    
Ścieżka ma niedozwolony format.13:00:59 30 maja 2017:    
Ścieżka ma niedozwolony format.13:14:38 30 maja 2017:    
Ścieżka ma niedozwolony format.13:15:33 30 maja 2017:    
Ścieżka ma niedozwolony format.13:16:13 30 maja 2017:    
Ścieżka ma niedozwolony format.11:34:43 5 czerwca 2017:    
Nie można odnaleźć pliku 'C:\Users\Marcin\Documents\Visual Studio 2017\Projects\JTTT\JTTT\bin\Debug\adsasd'.11:34:44 5 czerwca 2017:    
Nie można odnaleźć pliku 'C:\Users\Marcin\Documents\Visual Studio 2017\Projects\JTTT\JTTT\bin\Debug\sss'.11:34:44 5 czerwca 2017:    
Nie można odnaleźć pliku 'C:\Users\Marcin\Documents\Visual Studio 2017\Projects\JTTT\JTTT\bin\Debug\xx'.11:37:19 5 czerwca 2017:    
Nie można odnaleźć pliku 'C:\Users\Marcin\Documents\Visual Studio 2017\Projects\JTTT\JTTT\bin\Debug\x'.11:37:20 5 czerwca 2017:    
Nie można odnaleźć pliku 'C:\Users\Marcin\Documents\Visual Studio 2017\Projects\JTTT\JTTT\bin\Debug\y'.11:45:45 5 czerwca 2017:    
Ścieżka ma niedozwolony format.11:46:58 5 czerwca 2017:    
Ścieżka ma niedozwolony format.11:47:05 5 czerwca 2017:    
Ścieżka ma niedozwolony format.11:47:31 5 czerwca 2017:    
Ścieżka ma niedozwolony format.11:47:38 5 czerwca 2017:    
Ścieżka ma niedozwolony format.11:54:21 5 czerwca 2017:    
Ścieżka ma niedozwolony format.