12:08:28 30 maja 2017
Image from URL: http://demotywatory.pl
Tag: normalny
To email: zoladkiewiczmarcin@gmail.com
12:08:32 30 maja 2017
Image from URL: http://demotywatory.pl
Tag: internetu
To email: zoladkiewiczmarcin@gmail.com
12:09:40 30 maja 2017
Image from URL: http://demotywatory.pl
Tag: normalny
To email: zoladkiewiczmarcin@gmail.com
12:09:53 30 maja 2017
Image from URL: http://demotywatory.pl
Tag: internetu
To email: zoladkiewiczmarcin@gmail.com
12:12:35 30 maja 2017
Image from URL: http://demotywatory.pl
Tag: normalny
To email: zoladkiewiczmarcin@gmail.com
12:12:39 30 maja 2017
Image from URL: http://demotywatory.pl
Tag: internetu
To email: zoladkiewiczmarcin@gmail.com
12:13:36 30 maja 2017
Image from URL: http://demotywatory.pl
Tag: normalny
To email: zoladkiewiczmarcin@gmail.com
12:14:16 30 maja 2017
Image from URL: http://demotywatory.pl
Tag: internetu
To email: zoladkiewiczmarcin@gmail.com
12:20:08 30 maja 2017
Image from URL: http://demotywatory.pl
Tag: internetu
To email: zoladkiewiczmarcin@gmail.com
12:20:13 30 maja 2017
Image from URL: http://demotywatory.pl
Tag: procesora
To email: zoladkiewiczmarcin@gmail.com
12:36:00 30 maja 2017
Image from URL: http://demotywatory.pl
Tag: procesora
To email: zoladkiewiczmarcin@gmail.com
12:36:03 30 maja 2017
Image from URL: http://demotywatory.pl
Tag: internetu
To email: zoladkiewiczmarcin@gmail.com
12:38:15 30 maja 2017
Image from URL: http://demotywatory.pl
Tag: procesora
To email: zoladkiewiczmarcin@gmail.com
12:38:19 30 maja 2017
Image from URL: http://demotywatory.pl
Tag: internetu
To email: zoladkiewiczmarcin@gmail.com
12:39:11 30 maja 2017
Image from URL: http://demotywatory.pl
Tag: procesora
To email: zoladkiewiczmarcin@gmail.com
12:39:14 30 maja 2017
Image from URL: http://demotywatory.pl
Tag: internetu
To email: zoladkiewiczmarcin@gmail.com
12:43:48 30 maja 2017
Image from URL: http://demotywatory.pl
Tag: procesora
To email: zoladkiewiczmarcin@gmail.com
12:43:51 30 maja 2017
Image from URL: http://demotywatory.pl
Tag: internetu
To email: zoladkiewiczmarcin@gmail.com
12:44:30 30 maja 2017
Image from URL: http://demotywatory.pl
Tag: procesora
To email: zoladkiewiczmarcin@gmail.com
12:44:33 30 maja 2017
Image from URL: http://demotywatory.pl
Tag: internetu
To email: zoladkiewiczmarcin@gmail.com
12:50:47 30 maja 2017
Image from URL: http://demotywatory.pl
Tag: internetu
To email: zoladkiewiczmarcin@gmail.com
12:52:47 30 maja 2017
Image from URL: http://demotywatory.pl
Tag: internetu
To email: zoladkiewiczmarcin@gmail.com
12:53:07 30 maja 2017
Image from URL: http://demotywatory.pl
Tag: internetu
To email: zoladkiewiczmarcin@gmail.com
12:55:03 30 maja 2017
Image from URL: http://demotywatory.pl
Tag: internetu
To email: zoladkiewiczmarcin@gmail.com
12:57:34 30 maja 2017
Image from URL: http://demotywatory.pl
Tag: internetu
To email: zoladkiewiczmarcin@gmail.com
13:00:57 30 maja 2017
Image from URL: http://demotywatory.pl
Tag: internetu
To email: zoladkiewiczmarcin@gmail.com
13:02:17 30 maja 2017
Image from URL: http://demotywatory.pl
Tag: przede
To email: zoladkiewiczmarcin@gmail.com
13:02:21 30 maja 2017
Image from URL: http://demotywatory.pl
Tag: internetu
To email: zoladkiewiczmarcin@gmail.com
13:02:30 30 maja 2017
Image from URL: http://demotywatory.pl
Tag: przede
To email: zoladkiewiczmarcin@gmail.com
13:02:36 30 maja 2017
Image from URL: http://demotywatory.pl
Tag: internetu
To email: zoladkiewiczmarcin@gmail.com
13:03:10 30 maja 2017
Image from URL: http://demotywatory.pl
Tag: internetu
To email: zoladkiewiczmarcin@gmail.com
13:03:16 30 maja 2017
Image from URL: http://demotywatory.pl
Tag: internetu
To email: zoladkiewiczmarcin@gmail.com
13:03:20 30 maja 2017
Image from URL: http://demotywatory.pl
Tag: przede
To email: zoladkiewiczmarcin@gmail.com
13:03:22 30 maja 2017
Image from URL: http://demotywatory.pl
Tag: internetu
To email: zoladkiewiczmarcin@gmail.com
13:14:41 30 maja 2017
Image from URL: http://demotywatory.pl
Tag: internetu
To email: zoladkiewiczmarcin@gmail.com
13:15:35 30 maja 2017
Image from URL: http://demotywatory.pl
Tag: internetu
To email: zoladkiewiczmarcin@gmail.com
13:15:39 30 maja 2017
Image from URL: http://demotywatory.pl
Tag: zaskoczenia
To email: zoladkiewiczmarcin@gmail.com
13:16:16 30 maja 2017
Image from URL: http://demotywatory.pl
Tag: internetu
To email: zoladkiewiczmarcin@gmail.com
13:16:19 30 maja 2017
Image from URL: http://demotywatory.pl
Tag: zaskoczenia
To email: zoladkiewiczmarcin@gmail.com
13:16:22 30 maja 2017
Image from URL: http://demotywatory.pl
Tag: zakwitnie
To email: zoladkiewiczmarcin@gmail.com
20:05:16 2 czerwca 2017
Image from URL: http://demotywatory.pl
Tag: Powiedz
To email: kzoladkiewicz@gmail.com
11:45:50 5 czerwca 2017
Image from URL: http://demotywatory.pl
Tag: uszach
To email: zoladkiewiczmarcin@gmail.com
11:47:02 5 czerwca 2017
Image from URL: http://demotywatory.pl
Tag: uszach
To email: zoladkiewiczmarcin@gmail.com
11:47:35 5 czerwca 2017
Image from URL: http://demotywatory.pl
Tag: uszach
To email: zoladkiewiczmarcin@gmail.com
11:47:42 5 czerwca 2017
Image from URL: http://demotywatory.pl
Tag: kobiecego
To email: zoladkiewiczmarcin@gmail.com
11:54:16 5 czerwca 2017
Image from URL: http://demotywatory.pl
Tag: kobiecego
To email: zoladkiewiczmarcin@gmail.com
11:55:38 5 czerwca 2017
Image from URL: http://demotywatory.pl
Tag: 2089
To email: zoladkiewiczmarcin@gmail.com
11:55:44 5 czerwca 2017
Image from URL: http://demotywatory.pl
Tag: kobiecego
To email: zoladkiewiczmarcin@gmail.com
11:55:53 5 czerwca 2017
Image from URL: http://demotywatory.pl
Tag: 2089
To email: zoladkiewiczmarcin@gmail.com
11:56:00 5 czerwca 2017
Image from URL: http://demotywatory.pl
Tag: kobiecego
To email: zoladkiewiczmarcin@gmail.com
11:57:48 5 czerwca 2017
Image from URL: http://demotywatory.pl
Tag: 2089
To email: zoladkiewiczmarcin@gmail.com
11:57:54 5 czerwca 2017
Image from URL: http://demotywatory.pl
Tag: kobiecego
To email: zoladkiewiczmarcin@gmail.com
12:37:39 17 czerwca 2017
Image from URL: http://demotywatory.pl
Tag: Eclipse
To email: zoladkiewiczmarcin@gmail.com
15:31:23 17 czerwca 2017
Image from URL: http://demotywatory.pl
Tag: rzuca
To email: zoladkiewiczmarcin@gmail.com
15:31:32 17 czerwca 2017
Image from URL: 30
Tag: London
To email: zoladkiewiczmarcin@gmail.com
15:37:36 17 czerwca 2017
Image from URL: http://demotywatory.pl
Tag: rzuca
To email: zoladkiewiczmarcin@gmail.com
15:37:41 17 czerwca 2017
Image from URL: 30
Tag: London
To email: zoladkiewiczmarcin@gmail.com
15:54:16 17 czerwca 2017
Image from URL: http://demotywatory.pl
Tag: rzuca
To email: zoladkiewiczmarcin@gmail.com
15:54:47 17 czerwca 2017
Image from URL: http://demotywatory.pl
Tag: rzuca
To email: zoladkiewiczmarcin@gmail.com
15:54:53 17 czerwca 2017
Image from URL: 30
Tag: London
To email: zoladkiewiczmarcin@gmail.com
17:20:51 17 czerwca 2017
Image from URL: 30
Tag: Wroclaw
To email: 
17:20:51 17 czerwca 2017
Image from URL: 50
Tag: Madrit
To email: 
17:20:55 17 czerwca 2017
Image from URL: 50
Tag: Madrit
To email: zoladkiewiczmarcin@gmail.com
17:21:00 17 czerwca 2017
Image from URL: http://demotywatory.pl
Tag: rzuca
To email: zolakiewiczmarcin@gmail.com
17:21:02 17 czerwca 2017
Image from URL: http://demotywatory.pl
Tag: rzuca
To email: 
17:21:51 17 czerwca 2017
Image from URL: 30
Tag: Wroclaw
To email: 
17:21:51 17 czerwca 2017
Image from URL: 50
Tag: Madrit
To email: 
17:21:55 17 czerwca 2017
Image from URL: 50
Tag: Madrit
To email: zoladkiewiczmarcin@gmail.com
17:22:00 17 czerwca 2017
Image from URL: http://demotywatory.pl
Tag: rzuca
To email: zolakiewiczmarcin@gmail.com
17:22:02 17 czerwca 2017
Image from URL: http://demotywatory.pl
Tag: rzuca
To email: 
17:27:59 17 czerwca 2017
Image from URL: 30
Tag: Wroclaw
To email: 
17:27:59 17 czerwca 2017
Image from URL: 50
Tag: Madrit
To email: 
17:28:03 17 czerwca 2017
Image from URL: 50
Tag: Madrit
To email: zoladkiewiczmarcin@gmail.com
17:28:07 17 czerwca 2017
Image from URL: http://demotywatory.pl
Tag: rzuca
To email: zolakiewiczmarcin@gmail.com
17:28:08 17 czerwca 2017
Image from URL: http://demotywatory.pl
Tag: rzuca
To email: 
17:30:02 17 czerwca 2017
Image from URL: 30
Tag: Wroclaw
To email: 
17:30:02 17 czerwca 2017
Image from URL: 50
Tag: Madrit
To email: 
17:30:06 17 czerwca 2017
Image from URL: 50
Tag: Madrit
To email: zoladkiewiczmarcin@gmail.com
17:30:11 17 czerwca 2017
Image from URL: http://demotywatory.pl
Tag: rzuca
To email: zolakiewiczmarcin@gmail.com
17:30:12 17 czerwca 2017
Image from URL: http://demotywatory.pl
Tag: rzuca
To email: 
17:30:13 17 czerwca 2017
Image from URL: http://demotywatory.pl
Tag: klatce
To email: 
17:38:10 17 czerwca 2017
Image from URL: 30
Tag: Wroclaw
To email: 
17:38:10 17 czerwca 2017
Image from URL: 50
Tag: Madrit
To email: 
17:38:14 17 czerwca 2017
Image from URL: 50
Tag: Madrit
To email: zoladkiewiczmarcin@gmail.com
17:38:19 17 czerwca 2017
Image from URL: http://demotywatory.pl
Tag: rzuca
To email: zolakiewiczmarcin@gmail.com
17:38:21 17 czerwca 2017
Image from URL: http://demotywatory.pl
Tag: rzuca
To email: 
17:38:21 17 czerwca 2017
Image from URL: http://demotywatory.pl
Tag: klatce
To email: 
17:38:22 17 czerwca 2017
Image from URL: 60
Tag: Nysa
To email: 
18:33:06 17 czerwca 2017
Image from URL: 40
Tag: Nysa
To email: 
18:33:51 17 czerwca 2017
Image from URL: 40
Tag: Nysa
To email: 
18:33:51 17 czerwca 2017
Image from URL: 50
Tag: Bolkow
To email: 
18:34:15 17 czerwca 2017
Image from URL: 40
Tag: Nysa
To email: 
18:34:15 17 czerwca 2017
Image from URL: 50
Tag: Bolkow
To email: 
18:34:15 17 czerwca 2017
Image from URL: 80
Tag: Delhi
To email: 
18:34:57 17 czerwca 2017
Image from URL: 40
Tag: Nysa
To email: 
18:34:58 17 czerwca 2017
Image from URL: 50
Tag: Bolkow
To email: 
18:34:58 17 czerwca 2017
Image from URL: 80
Tag: Delhi
To email: 
18:35:00 17 czerwca 2017
Image from URL: http://demotywatory.pl
Tag: jednym
To email: 
